<?xml version="1.0" encoding="UTF-8"?>
<!-- Generated by org.testng.reporters.JUnitReportReporter -->
<testsuite name="Gobol.in.HomePage" tests="1" time="35.637" ignored="0" failures="0" timestamp="21 Apr 2017 14:42:51 GMT" skipped="0" hostname="SHIV" errors="0">
  <testcase name="launchTest" time="35.637" classname="Gobol.in.HomePage"/>
</testsuite> <!-- Gobol.in.HomePage -->
