<?xml version="1.0" encoding="UTF-8"?>
<!-- Generated by org.testng.reporters.JUnitReportReporter -->
<testsuite name="TeaApplicationTestPackage.TestCase1" tests="2" time="32.244" ignored="0" failures="0" timestamp="19 Apr 2017 16:35:10 GMT" skipped="0" hostname="SHIV" errors="0">
  <testcase name="tc1" time="21.970" classname="TeaApplicationTestPackage.TestCase1"/>
  <testcase name="tc2" time="10.274" classname="TeaApplicationTestPackage.TestCase1"/>
</testsuite> <!-- TeaApplicationTestPackage.TestCase1 -->
