<?xml version="1.0" encoding="UTF-8"?>
<!-- Generated by org.testng.reporters.JUnitReportReporter -->
<testsuite name="TeaApplicationTestPackage.HomePage" tests="2" time="156.167" ignored="0" failures="0" timestamp="19 Apr 2017 15:20:37 GMT" skipped="0" hostname="SHIV" errors="0">
  <testcase name="tc1" time="71.620" classname="TeaApplicationTestPackage.HomePage"/>
  <testcase name="tc1" time="84.547" classname="TeaApplicationTestPackage.HomePage"/>
</testsuite> <!-- TeaApplicationTestPackage.HomePage -->
