<?xml version="1.0" encoding="UTF-8"?>
<!-- Generated by org.testng.reporters.JUnitReportReporter -->
<testsuite name="TeaApplicationTestPackage.TestCase1" tests="4" time="62.702" ignored="2" failures="0" timestamp="20 Apr 2017 15:28:53 GMT" skipped="0" hostname="SHIV" errors="0">
  <testcase name="tc6" time="17.745" classname="TeaApplicationTestPackage.TestCase1"/>
  <testcase name="tc5" time="15.404" classname="TeaApplicationTestPackage.TestCase1"/>
  <testcase name="tc4" time="10.494" classname="TeaApplicationTestPackage.TestCase1"/>
  <testcase name="tc3" time="19.059" classname="TeaApplicationTestPackage.TestCase1"/>
  <testcase name="tc2" classname="TeaApplicationTestPackage.TestCase1">
    <skipped/>
  </testcase> <!-- tc2 -->
  <testcase name="tc1" classname="TeaApplicationTestPackage.TestCase1">
    <skipped/>
  </testcase> <!-- tc1 -->
</testsuite> <!-- TeaApplicationTestPackage.TestCase1 -->
