<?xml version="1.0" encoding="UTF-8"?>
<!-- Generated by org.testng.reporters.JUnitReportReporter -->
<testsuite name="TeaApplicationTestPackage.HomePage" tests="2" time="41.518" ignored="0" failures="0" timestamp="19 Apr 2017 23:50:05 GMT" skipped="0" hostname="DESKTOP-5LJLDAG" errors="0">
  <testcase name="tc1" time="17.230" classname="TeaApplicationTestPackage.HomePage"/>
  <testcase name="tc1" time="24.288" classname="TeaApplicationTestPackage.HomePage"/>
</testsuite> <!-- TeaApplicationTestPackage.HomePage -->
